[    0.000000] Linux version 4.15.0-142-generic (buildd@lgw01-amd64-036) (gcc version 7.5.0 (Ubuntu 7.5.0-3ubuntu1~18.04)) #146-Ubuntu SMP Tue Apr 13 01:11:19 UTC 2021 (Ubuntu 4.15.0-142.146-generic 4.15.18)
[    0.000000] Command line: BOOT_IMAGE=/boot/vmlinuz-4.15.0-142-generic root=LABEL=cloudimg-rootfs ro console=tty1 console=ttyS0
[    0.000000] KERNEL supported cpus:
[    0.000000]   Intel GenuineIntel
[    0.000000]   AMD AuthenticAMD
[    0.000000]   Centaur CentaurHauls
[    0.000000] x86/fpu: x87 FPU will use FXSAVE
[    0.000000] e820: BIOS-provided physical RAM map:
[    0.000000] BIOS-e820: [mem 0x0000000000000000-0x000000000009fbff] usable
[    0.000000] BIOS-e820: [mem 0x000000000009fc00-0x000000000009ffff] reserved
[    0.000000] BIOS-e820: [mem 0x00000000000f0000-0x00000000000fffff] reserved
[    0.000000] BIOS-e820: [mem 0x0000000000100000-0x000000007ffeffff] usable
[    0.000000] BIOS-e820: [mem 0x000000007fff0000-0x000000007fffffff] ACPI data
[    0.000000] BIOS-e820: [mem 0x00000000fec00000-0x00000000fec00fff] reserved
[    0.000000] BIOS-e820: [mem 0x00000000fee00000-0x00000000fee00fff] reserved
[    0.000000] BIOS-e820: [mem 0x00000000fffc0000-0x00000000ffffffff] reserved
[    0.000000] NX (Execute Disable) protection: active
[    0.000000] SMBIOS 2.5 present.
[    0.000000] DMI: innotek GmbH VirtualBox/VirtualBox, BIOS VirtualBox 12/01/2006
[    0.000000] Hypervisor detected: KVM
[    0.000000] e820: last_pfn = 0x7fff0 max_arch_pfn = 0x400000000
[    0.000000] MTRR: Disabled
[    0.000000] x86/PAT: MTRRs disabled, skipping PAT initialization too.
[    0.000000] CPU MTRRs all blank - virtualized system.
[    0.000000] x86/PAT: Configuration [0-7]: WB  WT  UC- UC  WB  WT  UC- UC  
[    0.000000] found SMP MP-table at [mem 0x0009fff0-0x0009ffff]
[    0.000000] Scanning 1 areas for low memory corruption
[    0.000000] RAMDISK: [mem 0x359cf000-0x36cdefff]
[    0.000000] ACPI: Early table checksum verification disabled
[    0.000000] ACPI: RSDP 0x00000000000E0000 000024 (v02 VBOX  )
[    0.000000] ACPI: XSDT 0x000000007FFF0030 00003C (v01 VBOX   VBOXXSDT 00000001 ASL  00000061)
[    0.000000] ACPI: FACP 0x000000007FFF00F0 0000F4 (v04 VBOX   VBOXFACP 00000001 ASL  00000061)
[    0.000000] ACPI: DSDT 0x000000007FFF0470 002325 (v02 VBOX   VBOXBIOS 00000002 INTL 20100528)
[    0.000000] ACPI: FACS 0x000000007FFF0200 000040
[    0.000000] ACPI: FACS 0x000000007FFF0200 000040
[    0.000000] ACPI: APIC 0x000000007FFF0240 00005C (v02 VBOX   VBOXAPIC 00000001 ASL  00000061)
[    0.000000] ACPI: SSDT 0x000000007FFF02A0 0001CC (v01 VBOX   VBOXCPUT 00000002 INTL 20100528)
[    0.000000] No NUMA configuration found
[    0.000000] Faking a node at [mem 0x0000000000000000-0x000000007ffeffff]
[    0.000000] NODE_DATA(0) allocated [mem 0x7ffc5000-0x7ffeffff]
[    0.000000] kvm-clock: cpu 0, msr 0:7ff44001, primary cpu clock
[    0.000000] kvm-clock: Using msrs 4b564d01 and 4b564d00
[    0.000000] kvm-clock: using sched offset of 4102141600 cycles
[    0.000000] clocksource: kvm-clock: mask: 0xffffffffffffffff max_cycles: 0x1cd42e4dffb, max_idle_ns: 881590591483 ns
[    0.000000] Zone ranges:
[    0.000000]   DMA      [mem 0x0000000000001000-0x0000000000ffffff]
[    0.000000]   DMA32    [mem 0x0000000001000000-0x000000007ffeffff]
[    0.000000]   Normal   empty
[    0.000000]   Device   empty
[    0.000000] Movable zone start for each node
[    0.000000] Early memory node ranges
[    0.000000]   node   0: [mem 0x0000000000001000-0x000000000009efff]
[    0.000000]   node   0: [mem 0x0000000000100000-0x000000007ffeffff]
[    0.000000] Reserved but unavailable: 98 pages
[    0.000000] Initmem setup node 0 [mem 0x0000000000001000-0x000000007ffeffff]
[    0.000000] ACPI: PM-Timer IO Port: 0x4008
[    0.000000] IOAPIC[0]: apic_id 2, version 32, address 0xfec00000, GSI 0-23
[    0.000000] ACPI: INT_SRC_OVR (bus 0 bus_irq 0 global_irq 2 dfl dfl)
[    0.000000] ACPI: INT_SRC_OVR (bus 0 bus_irq 9 global_irq 9 low level)
[    0.000000] Using ACPI (MADT) for SMP configuration information
[    0.000000] smpboot: Allowing 2 CPUs, 0 hotplug CPUs
[    0.000000] PM: Registered nosave memory: [mem 0x00000000-0x00000fff]
[    0.000000] PM: Registered nosave memory: [mem 0x0009f000-0x0009ffff]
[    0.000000] PM: Registered nosave memory: [mem 0x000a0000-0x000effff]
[    0.000000] PM: Registered nosave memory: [mem 0x000f0000-0x000fffff]
[    0.000000] e820: [mem 0x80000000-0xfebfffff] available for PCI devices
[    0.000000] Booting paravirtualized kernel on KVM
[    0.000000] clocksource: refined-jiffies: mask: 0xffffffff max_cycles: 0xffffffff, max_idle_ns: 7645519600211568 ns
[    0.000000] random: get_random_bytes called from start_kernel+0x99/0x500 with crng_init=0
[    0.000000] setup_percpu: NR_CPUS:8192 nr_cpumask_bits:2 nr_cpu_ids:2 nr_node_ids:1
[    0.000000] percpu: Embedded 45 pages/cpu s147456 r8192 d28672 u1048576
[    0.000000] PV qspinlock hash table entries: 256 (order: 0, 4096 bytes)
[    0.000000] Built 1 zonelists, mobility grouping on.  Total pages: 515961
[    0.000000] Policy zone: DMA32
[    0.000000] Kernel command line: BOOT_IMAGE=/boot/vmlinuz-4.15.0-142-generic root=LABEL=cloudimg-rootfs ro console=tty1 console=ttyS0
[    0.000000] Memory: 2014912K/2096696K available (12300K kernel code, 2483K rwdata, 4316K rodata, 2444K init, 2724K bss, 81784K reserved, 0K cma-reserved)
[    0.000000] SLUB: HWalign=64, Order=0-3, MinObjects=0, CPUs=2, Nodes=1
[    0.000000] ftrace: allocating 39434 entries in 155 pages
[    0.004000] Hierarchical RCU implementation.
[    0.004000] 	RCU restricting CPUs from NR_CPUS=8192 to nr_cpu_ids=2.
[    0.004000] 	Tasks RCU enabled.
[    0.004000] RCU: Adjusting geometry for rcu_fanout_leaf=16, nr_cpu_ids=2
[    0.004000] NR_IRQS: 524544, nr_irqs: 440, preallocated irqs: 16
[    0.004000] Console: colour VGA+ 80x25
[    0.004000] console [tty1] enabled
[    0.004000] console [ttyS0] enabled
[    0.004000] ACPI: Core revision 20170831
[    0.004000] ACPI: 2 ACPI AML tables successfully acquired and loaded
[    0.004000] APIC: Switch to symmetric I/O mode setup
[    0.004000] ..TIMER: vector=0x30 apic1=0 pin1=2 apic2=-1 pin2=-1
[    0.004003] tsc: Detected 2712.006 MHz processor
[    0.006030] Calibrating delay loop (skipped) preset value.. 5424.01 BogoMIPS (lpj=10848024)
[    0.008002] pid_max: default: 32768 minimum: 301
[    0.010073] Security Framework initialized
[    0.011984] Yama: becoming mindful.
[    0.012058] AppArmor: AppArmor initialized
[    0.025445] Dentry cache hash table entries: 262144 (order: 9, 2097152 bytes)
[    0.033426] Inode-cache hash table entries: 131072 (order: 8, 1048576 bytes)
[    0.036092] Mount-cache hash table entries: 4096 (order: 3, 32768 bytes)
[    0.039219] Mountpoint-cache hash table entries: 4096 (order: 3, 32768 bytes)
[    0.044320] Last level iTLB entries: 4KB 64, 2MB 8, 4MB 8
[    0.046728] Last level dTLB entries: 4KB 64, 2MB 0, 4MB 0, 1GB 4
[    0.048003] Spectre V1 : Mitigation: usercopy/swapgs barriers and __user pointer sanitization
[    0.052002] Spectre V2 : Mitigation: Enhanced IBRS
[    0.056002] Spectre V2 : Spectre v2 / SpectreRSB mitigation: Filling RSB on context switch
[    0.059531] Speculative Store Bypass: Vulnerable
[    0.060122] Freeing SMP alternatives memory: 36K
[    0.174468] smpboot: CPU0: Intel(R) Core(TM) i7-10850H CPU @ 2.70GHz (family: 0x6, model: 0xa5, stepping: 0x2)
[    0.176337] Performance Events: unsupported p6 CPU model 165 no PMU driver, software events only.
[    0.180066] Hierarchical SRCU implementation.
[    0.184420] NMI watchdog: Perf event create on CPU 0 failed with -2
[    0.187104] NMI watchdog: Perf NMI watchdog permanently disabled
[    0.188217] smp: Bringing up secondary CPUs ...
[    0.192646] x86: Booting SMP configuration:
[    0.194525] .... node  #0, CPUs:      #1
[    0.004000] kvm-clock: cpu 1, msr 0:7ff44041, secondary cpu clock
[    0.200000] TSC synchronization [CPU#0 -> CPU#1]:
[    0.200000] Measured 87108 cycles TSC warp between CPUs, turning off TSC clock.
[    0.200000] tsc: Marking TSC unstable due to check_tsc_sync_source failed
[    0.204107] smp: Brought up 1 node, 2 CPUs
[    0.208004] smpboot: Max logical packages: 1
[    0.210375] smpboot: Total of 2 processors activated (10848.02 BogoMIPS)
[    0.212387] devtmpfs: initialized
[    0.213745] x86/mm: Memory block size: 128MB
[    0.216451] evm: security.selinux
[    0.217990] evm: security.SMACK64
[    0.219568] evm: security.SMACK64EXEC
[    0.220002] evm: security.SMACK64TRANSMUTE
[    0.221881] evm: security.SMACK64MMAP
[    0.224002] evm: security.apparmor
[    0.225601] evm: security.ima
[    0.227007] evm: security.capability
[    0.228591] clocksource: jiffies: mask: 0xffffffff max_cycles: 0xffffffff, max_idle_ns: 7645041785100000 ns
[    0.232072] futex hash table entries: 512 (order: 3, 32768 bytes)
[    0.236175] pinctrl core: initialized pinctrl subsystem
[    0.238625] RTC time: 16:56:40, date: 04/30/21
[    0.240821] NET: Registered protocol family 16
[    0.242895] audit: initializing netlink subsys (disabled)
[    0.244132] audit: type=2000 audit(1619801806.825:1): state=initialized audit_enabled=0 res=1
[    0.252004] cpuidle: using governor ladder
[    0.253828] cpuidle: using governor menu
[    0.256025] ACPI: bus type PCI registered
[    0.258040] acpiphp: ACPI Hot Plug PCI Controller Driver version: 0.5
[    0.260302] PCI: Using configuration type 1 for base access
[    0.268269] HugeTLB registered 2.00 MiB page size, pre-allocated 0 pages
[    0.272339] ACPI: Added _OSI(Module Device)
[    0.276006] ACPI: Added _OSI(Processor Device)
[    0.277955] ACPI: Added _OSI(3.0 _SCP Extensions)
[    0.279927] ACPI: Added _OSI(Processor Aggregator Device)
[    0.280003] ACPI: Added _OSI(Linux-Dell-Video)
[    0.281888] ACPI: Added _OSI(Linux-Lenovo-NV-HDMI-Audio)
[    0.284004] ACPI: Added _OSI(Linux-HPI-Hybrid-Graphics)
[    0.288583] ACPI: Executed 1 blocks of module-level executable AML code
[    0.295001] ACPI: Interpreter enabled
[    0.296000] ACPI: (supports S0 S5)
[    0.296002] ACPI: Using IOAPIC for interrupt routing
[    0.298367] PCI: Using host bridge windows from ACPI; if necessary, use "pci=nocrs" and report a bug
[    0.300122] ACPI: Enabled 2 GPEs in block 00 to 07
[    0.309529] ACPI: PCI Root Bridge [PCI0] (domain 0000 [bus 00-ff])
[    0.312000] acpi PNP0A03:00: _OSC: OS supports [ASPM ClockPM Segments MSI]
[    0.312565] acpi PNP0A03:00: _OSC: not requesting OS control; OS requires [ExtendedConfig ASPM ClockPM MSI]
[    0.316010] acpi PNP0A03:00: fail to add MMCONFIG information, can't access extended PCI configuration space under this bridge.
[    0.320358] PCI host bridge to bus 0000:00
[    0.324003] pci_bus 0000:00: root bus resource [io  0x0000-0x0cf7 window]
[    0.326853] pci_bus 0000:00: root bus resource [io  0x0d00-0xffff window]
[    0.328003] pci_bus 0000:00: root bus resource [mem 0x000a0000-0x000bffff window]
[    0.331087] pci_bus 0000:00: root bus resource [mem 0x80000000-0xfdffffff window]
[    0.332003] pci_bus 0000:00: root bus resource [bus 00-ff]
[    0.338323] pci 0000:00:01.1: legacy IDE quirk: reg 0x10: [io  0x01f0-0x01f7]
[    0.340002] pci 0000:00:01.1: legacy IDE quirk: reg 0x14: [io  0x03f6]
[    0.342861] pci 0000:00:01.1: legacy IDE quirk: reg 0x18: [io  0x0170-0x0177]
[    0.344002] pci 0000:00:01.1: legacy IDE quirk: reg 0x1c: [io  0x0376]
[    0.422059] pci 0000:00:07.0: quirk: [io  0x4000-0x403f] claimed by PIIX4 ACPI
[    0.428016] pci 0000:00:07.0: quirk: [io  0x4100-0x410f] claimed by PIIX4 SMB
[    0.441307] ACPI: PCI Interrupt Link [LNKA] (IRQs 5 9 10 *11)
[    0.444311] ACPI: PCI Interrupt Link [LNKB] (IRQs 5 9 *10 11)
[    0.452115] ACPI: PCI Interrupt Link [LNKC] (IRQs 5 *9 10 11)
[    0.456113] ACPI: PCI Interrupt Link [LNKD] (IRQs 5 9 10 *11)
[    0.460538] SCSI subsystem initialized
[    0.464145] pci 0000:00:02.0: vgaarb: setting as boot VGA device
[    0.466982] pci 0000:00:02.0: vgaarb: VGA device added: decodes=io+mem,owns=io+mem,locks=none
[    0.476004] pci 0000:00:02.0: vgaarb: bridge control possible
[    0.480002] vgaarb: loaded
[    0.484042] ACPI: bus type USB registered
[    0.488029] usbcore: registered new interface driver usbfs
[    0.492008] usbcore: registered new interface driver hub
[    0.496008] usbcore: registered new device driver usb
[    0.500111] EDAC MC: Ver: 3.0.0
[    0.504120] PCI: Using ACPI for IRQ routing
[    0.508123] NetLabel: Initializing
[    0.509955] NetLabel:  domain hash size = 128
[    0.512002] NetLabel:  protocols = UNLABELED CIPSOv4 CALIPSO
[    0.516092] NetLabel:  unlabeled traffic allowed by default
[    0.524153] clocksource: Switched to clocksource kvm-clock
[    0.565573] VFS: Disk quotas dquot_6.6.0
[    0.567829] VFS: Dquot-cache hash table entries: 512 (order 0, 4096 bytes)
[    0.573354] AppArmor: AppArmor Filesystem Enabled
[    0.575469] pnp: PnP ACPI init
[    0.578082] pnp: PnP ACPI: found 3 devices
[    0.587075] clocksource: acpi_pm: mask: 0xffffff max_cycles: 0xffffff, max_idle_ns: 2085701024 ns
[    0.591549] NET: Registered protocol family 2
[    0.594266] TCP established hash table entries: 16384 (order: 5, 131072 bytes)
[    0.597990] TCP bind hash table entries: 16384 (order: 6, 262144 bytes)
[    0.601655] TCP: Hash tables configured (established 16384 bind 16384)
[    0.605179] UDP hash table entries: 1024 (order: 3, 32768 bytes)
[    0.607824] UDP-Lite hash table entries: 1024 (order: 3, 32768 bytes)
[    0.614164] NET: Registered protocol family 1
[    0.616792] pci 0000:00:00.0: Limiting direct PCI/PCI transfers
[    0.619460] pci 0000:00:01.0: Activating ISA DMA hang workarounds
[    0.622898] pci 0000:00:02.0: Video device with shadowed ROM at [mem 0x000c0000-0x000dffff]
[    0.627503] Unpacking initramfs...
[    1.050944] Freeing initrd memory: 19520K
[    1.053598] clocksource: tsc: mask: 0xffffffffffffffff max_cycles: 0x27178c274f7, max_idle_ns: 440795238189 ns
[    1.058393] platform rtc_cmos: registered platform RTC device (no PNP device found)
[    1.062017] Scanning for low memory corruption every 60 seconds
[    1.065745] Initialise system trusted keyrings
[    1.067766] Key type blacklist registered
[    1.071770] workingset: timestamp_bits=36 max_order=19 bucket_order=0
[    1.077408] zbud: loaded
[    1.079488] squashfs: version 4.0 (2009/01/31) Phillip Lougher
[    1.083016] fuse init (API version 7.26)
[    1.097947] Key type asymmetric registered
[    1.100507] Asymmetric key parser 'x509' registered
[    1.102738] Block layer SCSI generic (bsg) driver version 0.4 loaded (major 246)
[    1.106392] io scheduler noop registered
[    1.108481] io scheduler deadline registered
[    1.110500] io scheduler cfq registered (default)
[    1.113511] ACPI: AC Adapter [AC] (on-line)
[    1.115538] input: Power Button as /devices/LNXSYSTM:00/LNXPWRBN:00/input/input0
[    1.119847] ACPI: Power Button [PWRF]
[    1.122261] input: Sleep Button as /devices/LNXSYSTM:00/LNXSLPBN:00/input/input1
[    1.125615] ACPI: Sleep Button [SLPF]
[    1.127768] Serial: 8250/16550 driver, 32 ports, IRQ sharing enabled
[    1.128612] ACPI: Battery Slot [BAT0] (battery present)
[    1.158807] 00:02: ttyS0 at I/O 0x3f8 (irq = 4, base_baud = 115200) is a 16550A
[    1.164755] Linux agpgart interface v0.103
[    1.173144] loop: module loaded
[    1.176526] scsi host0: ata_piix
[    1.178821] scsi host1: ata_piix
[    1.180617] ata1: PATA max UDMA/33 cmd 0x1f0 ctl 0x3f6 bmdma 0xd000 irq 14
[    1.183788] ata2: PATA max UDMA/33 cmd 0x170 ctl 0x376 bmdma 0xd008 irq 15
[    1.187707] libphy: Fixed MDIO Bus: probed
[    1.190338] tun: Universal TUN/TAP device driver, 1.6
[    1.192894] PPP generic driver version 2.4.2
[    1.194967] ehci_hcd: USB 2.0 'Enhanced' Host Controller (EHCI) Driver
[    1.198361] ehci-pci: EHCI PCI platform driver
[    1.200536] ehci-platform: EHCI generic platform driver
[    1.202843] ohci_hcd: USB 1.1 'Open' Host Controller (OHCI) Driver
[    1.205727] ohci-pci: OHCI PCI platform driver
[    1.207664] ohci-platform: OHCI generic platform driver
[    1.210496] uhci_hcd: USB Universal Host Controller Interface driver
[    1.213504] i8042: PNP: PS/2 Controller [PNP0303:PS2K,PNP0f03:PS2M] at 0x60,0x64 irq 1,12
[    1.219065] serio: i8042 KBD port at 0x60,0x64 irq 1
[    1.221460] serio: i8042 AUX port at 0x60,0x64 irq 12
[    1.223711] mousedev: PS/2 mouse device common for all mice
[    1.227842] input: AT Translated Set 2 keyboard as /devices/platform/i8042/serio0/input/input2
[    1.234169] rtc_cmos rtc_cmos: rtc core: registered rtc_cmos as rtc0
[    1.238083] rtc_cmos rtc_cmos: alarms up to one day, 114 bytes nvram
[    1.240754] i2c /dev entries driver
[    1.243151] device-mapper: uevent: version 1.0.3
[    1.246084] device-mapper: ioctl: 4.37.0-ioctl (2017-09-20) initialised: dm-devel@redhat.com
[    1.250163] ledtrig-cpu: registered to indicate activity on CPUs
[    1.254286] NET: Registered protocol family 10
[    1.261516] Segment Routing with IPv6
[    1.263105] NET: Registered protocol family 17
[    1.265558] Key type dns_resolver registered
[    1.267922] mce: Using 0 MCE banks
[    1.269948] RAS: Correctable Errors collector initialized.
[    1.272396] sched_clock: Marking stable (1272363120, 0)->(1822889053, -550525933)
[    1.278898] registered taskstats version 1
[    1.280745] Loading compiled-in X.509 certificates
[    1.286701] Loaded X.509 cert 'Build time autogenerated kernel key: 028139f94c642d40642d50ab098c4e7b0aebaa81'
[    1.291383] Loaded X.509 cert 'Canonical Ltd. Live Patch Signing: 14df34d1a87cf37625abec039ef2bf521249b969'
[    1.297039] Loaded X.509 cert 'Canonical Ltd. Kernel Module Signing: 88f752e560a1e0737e31163a466ad7b70a850c19'
[    1.301310] zswap: loaded using pool lzo/zbud
[    1.310210] Key type big_key registered
[    1.312239] Key type trusted registered
[    1.316203] Key type encrypted registered
[    1.317895] AppArmor: AppArmor sha1 policy hashing enabled
[    1.320220] ima: No TPM chip found, activating TPM-bypass! (rc=-19)
[    1.323399] ima: Allocated hash algorithm: sha1
[    1.325678] evm: HMAC attrs: 0x1
[    1.327453]   Magic number: 1:830:945
[    1.329330] tty tty2: hash matches
[    1.330878] processor cpu0: hash matches
[    1.333113] rtc_cmos rtc_cmos: setting system clock to 2021-04-30 16:56:41 UTC (1619801801)
[    1.337244] BIOS EDD facility v0.16 2004-Jun-25, 0 devices found
[    1.339755] EDD information not available.
[    1.392742] Freeing unused kernel image memory: 2444K
[    1.408460] Write protecting the kernel read-only data: 20480k
[    1.414071] Freeing unused kernel image memory: 2008K
[    1.416977] Freeing unused kernel image memory: 1828K
[    1.425028] x86/mm: Checked W+X mappings: passed, no W+X pages found.
Loading, please wait...
starting version 237
[    1.485193] Fusion MPT base driver 3.04.20
[    1.487389] Copyright (c) 1999-2008 LSI Corporation
[    1.497484] e1000: Intel(R) PRO/1000 Network Driver - version 7.3.21-k8-NAPI
[    1.502672] e1000: Copyright (c) 1999-2006 Intel Corporation.
[    1.511437] Fusion MPT SPI Host driver 3.04.20
[    1.527837] mptbase: ioc0: Initiating bringup
[    2.284508] input: ImExPS/2 Generic Explorer Mouse as /devices/platform/i8042/serio1/input/input4
[    2.330580] ioc0: LSI53C1030 A0: Capabilities={Initiator}
[    3.466112] scsi host2: ioc0: LSI53C1030 A0, FwRev=00000000h, Ports=1, MaxQ=256, IRQ=20
[    5.272306] scsi 2:0:0:0: Direct-Access     VBOX     HARDDISK         1.0  PQ: 0 ANSI: 5
[    5.320440] scsi target2:0:0: Beginning Domain Validation
[    5.326958] scsi target2:0:0: Domain Validation skipping write tests
[    5.331094] scsi target2:0:0: Ending Domain Validation
[    5.333784] scsi target2:0:0: asynchronous
[    5.337332] scsi 2:0:1:0: Direct-Access     VBOX     HARDDISK         1.0  PQ: 0 ANSI: 5
[    5.692147] scsi target2:0:1: Beginning Domain Validation
[    5.696392] random: fast init done
[    5.701206] scsi target2:0:1: Domain Validation skipping write tests
[    5.704216] scsi target2:0:1: Ending Domain Validation
[    5.706691] scsi target2:0:1: asynchronous
[    5.716514] sd 2:0:0:0: [sda] 83886080 512-byte logical blocks: (42.9 GB/40.0 GiB)
[    5.718498] random: systemd-udevd: uninitialized urandom read (16 bytes read)
[    5.720399] sd 2:0:0:0: [sda] Write Protect is off
[    5.723582] random: systemd-udevd: uninitialized urandom read (16 bytes read)
[    5.730192] sd 2:0:0:0: Attached scsi generic sg0 type 0
[    5.733459] sd 2:0:1:0: [sdb] 20480 512-byte logical blocks: (10.5 MB/10.0 MiB)
[    5.737174] sd 2:0:1:0: [sdb] Write Protect is off
[    5.739659] sd 2:0:1:0: [sdb] Incomplete mode parameter data
[    5.742774] sd 2:0:1:0: [sdb] Assuming drive cache: write through
[    5.743534] random: systemd-udevd: uninitialized urandom read (16 bytes read)
[    5.746143] sd 2:0:1:0: Attached scsi generic sg1 type 0
[    5.759524] sd 2:0:0:0: [sda] Incomplete mode parameter data
[    5.763133] sd 2:0:0:0: [sda] Assuming drive cache: write through
[    5.768384] sd 2:0:1:0: [sdb] Attached SCSI disk
[    5.772532]  sda: sda1
[    5.775183] sd 2:0:0:0: [sda] Attached SCSI disk
[    5.918767] e1000 0000:00:03.0 eth0: (PCI:33MHz:32-bit) 02:f3:7b:02:da:50
[    5.922215] e1000 0000:00:03.0 eth0: Intel(R) PRO/1000 Network Connection
[    6.959619] e1000 0000:00:08.0 eth1: (PCI:33MHz:32-bit) 08:00:27:ff:05:1c
[    6.963069] e1000 0000:00:08.0 eth1: Intel(R) PRO/1000 Network Connection
[    6.969974] e1000 0000:00:08.0 enp0s8: renamed from eth1
[    7.005492] e1000 0000:00:03.0 enp0s3: renamed from eth0
Begin: Loading essential drivers ... [    8.824596] raid6: sse2x1   gen() 15506 MB/s
[    8.872380] raid6: sse2x1   xor()  8440 MB/s
[    8.920272] raid6: sse2x2   gen() 18232 MB/s
[    8.969061] raid6: sse2x2   xor() 12841 MB/s
[    9.017868] raid6: sse2x4   gen() 21242 MB/s
[    9.068022] raid6: sse2x4   xor() 11658 MB/s
[    9.071139] raid6: using algorithm sse2x4 gen() 21242 MB/s
[    9.074043] raid6: .... xor() 11658 MB/s, rmw enabled
[    9.076407] raid6: using ssse3x2 recovery algorithm
[    9.081886] xor: measuring software checksum speed
[   13.372289]    prefetch64-sse: 2062907.704 MB/sec
[   15.410924]    generic_sse: 1617759.704 MB/sec
[   15.414698] xor: using function: prefetch64-sse (2062907.704 MB/sec)
[   15.419699] async_tx: api initialized (async)
done.
Begin: Running /scripts/init-premount ... done.
Begin: Mounting root file system ... Begin: Running /scripts/local-top ... done.
Begin: Running /scripts/local-premount ... [   15.462570] Btrfs loaded, crc32c=crc32c-intel
Scanning for Btrfs filesystems
done.
Warning: fsck not present, so skipping root file system
[   15.507282] EXT4-fs (sda1): mounted filesystem with ordered data mode. Opts: (null)
done.
Begin: Running /scripts/local-bottom ... done.
Begin: Running /scripts/init-bottom ... done.
[   15.672998] ip_tables: (C) 2000-2006 Netfilter Core Team
[   15.685412] systemd[1]: systemd 237 running in system mode. (+PAM +AUDIT +SELINUX +IMA +APPARMOR +SMACK +SYSVINIT +UTMP +LIBCRYPTSETUP +GCRYPT +GNUTLS +ACL +XZ +LZ4 +SECCOMP +BLKID +ELFUTILS +KMOD -IDN2 +IDN -PCRE2 default-hierarchy=hybrid)
[   15.695255] systemd[1]: Detected virtualization oracle.
[   15.698409] systemd[1]: Detected architecture x86-64.

Welcome to [1mUbuntu 18.04.5 LTS[0m!

[   15.720752] systemd[1]: Set hostname to <ubuntu>.
[   15.728115] systemd[1]: Initializing machine ID from random generator.
[   15.730923] systemd[1]: Installed transient /etc/machine-id file.
[   15.998396] systemd[1]: Reached target System Time Synchronized.
[[0;32m  OK  [0m] Reached target System Time Synchronized.
[   16.011780] systemd[1]: Created slice System Slice.
[[0;32m  OK  [0m] Created slice System Slice.
[   16.017598] systemd[1]: Listening on LVM2 metadata daemon socket.
[[0;32m  OK  [0m] Listening on LVM2 metadata daemon socket.
[   16.023336] systemd[1]: Listening on /dev/initctl Compatibility Named Pipe.
[[0;32m  OK  [0m] Listening on /dev/initctl Compatibility Named Pipe.
[[0;32m  OK  [0m] Listening on fsck to fsckd communication Socket.
[[0;32m  OK  [0m] Listening on Syslog Socket.
[[0;32m  OK  [0m] Listening on Journal Socket.
         Starting Load Kernel Modules...
         Starting Create list of required st…ce nodes for the current kernel...
         Mounting Kernel Debug File System...
         Starting File System Check on Root Device...
         Mounting Huge Pages File System...
[[0;32m  OK  [0m] Created slice system-serial\x2dgetty.slice.
[   16.058619] Loading iSCSI transport class v2.0-870.
[[0;32m  OK  [0m] Listening on LVM2 poll daemon socket.
[[0;32m  OK  [0m] Reached target User and Group Name Lookups.[   16.069014] iscsi: registered transport (tcp)

[[0;32m  OK  [0m] Listening on Journal Audit Socket.
[[0;32m  OK  [0m] Started Forward Password Requests to Wall Directory Watch.
         Mounting POSIX Message Queue File System...
         Starting Set the console keyboard layout...
[[0;32m  OK  [0m] Reached target Swap.[   16.090745] iscsi: registered transport (iser)

[[0;32m  OK  [0m] Listening on udev Control Socket.
[[0;32m  OK  [0m] Listening on Device-mapper event daemon FIFOs.
         Starting Monitoring of LVM2 mirrors…ng dmeventd or progress polling...
[[0;32m  OK  [0m] Created slice User and Session Slice.
[[0;32m  OK  [0m] Reached target Slices.
         Starting Uncomplicated firewall...
[[0;32m  OK  [0m] Listening on udev Kernel Socket.
         Starting udev Coldplug all Devices...
[[0;32m  OK  [0m] Listening on Network Service Netlink Socket.
[[0;32m  OK  [0m] Listening on Journal Socket (/dev/log).
[[0;32m  OK  [0m] Set up automount Arbitrary Executab…rmats File System Automount Point.
         Starting Journal Service...
[[0;32m  OK  [0m] Started Load Kernel Modules.
[[0;32m  OK  [0m] Started Create list of required sta…vice nodes for the current kernel.
[[0;32m  OK  [0m] Mounted Kernel Debug File System.
[[0;32m  OK  [0m] Mounted Huge Pages File System.
[[0;32m  OK  [0m] Mounted POSIX Message Queue File System.
[[0;32m  OK  [0m] Started Uncomplicated firewall.
[[0;32m  OK  [0m] Started File System Check Daemon to report status.
         Starting Create Static Device Nodes in /dev...
         Mounting FUSE Control File System...
         Mounting Kernel Configuration File System...
         Starting Apply Kernel Variables...
[[0;32m  OK  [0m] Started File System Check on Root Device.
         Starting Remount Root and Kernel File Systems...
[[0;32m  OK  [0m] Mounted FUSE Control File System.
[[0;32m  OK  [0m] Mounted Kernel Configuration File System.
[[0;32m  OK  [0m] Started LVM2 metadata daemon.
[[0;32m  OK  [0m] Started udev Coldplug all Devices.
[[0;32m  OK  [0m] Started Journal Service.
[[0;32m  OK  [0m] Started Create Static Device Nodes in /dev.
[[0;32m  OK  [0m] Started Apply Kernel Variables.
[[0;32m  OK  [0m] Started Remount Root and Kernel File Systems.
         Starting Flush Journal to Persistent Storage...
         Starting udev Kernel Device Manager...
         Starting Load/Save Random Seed...
[[0;32m  OK  [0m] Started Monitoring of LVM2 mirrors,…sing dmeventd or progress polling.
[[0;32m  OK  [0m] Started Load/Save Random Seed.
[[0;32m  OK  [0m] Started Set the console keyboard layout.
[[0;32m  OK  [0m] Reached target Local File Systems (Pre).
[[0;32m  OK  [0m] Reached target Local File Systems.
         Starting Set console font and keymap...
         Starting Commit a transient machine-id on disk...
         Starting ebtables ruleset management...
         Starting AppArmor initialization...
         Starting Tell Plymouth To Write Out Runtime Data...
[[0;32m  OK  [0m] Started udev Kernel Device Manager.
[[0;32m  OK  [0m] Started Dispatch Password Requests to Console Directory Watch.
[[0;32m  OK  [0m] Reached target Local Encrypted Volumes.
[[0;32m  OK  [0m] Started Set console font and keymap.
[[0;32m  OK  [0m] Started Flush Journal to Persistent Storage.
         Starting Create Volatile Files and Directories...
[[0;32m  OK  [0m] Started Tell Plymouth To Write Out Runtime Data.
[[0;32m  OK  [0m] Started Create Volatile Files and Directories.
         Starting Update UTMP about System Boot/Shutdown...
[[0;32m  OK  [0m] Started Update UTMP about System Boot/Shutdown.
[[0;32m  OK  [0m] Started Commit a transient machine-id on disk.
[[0;32m  OK  [0m] Found device /dev/ttyS0.
[[0;32m  OK  [0m] Started ebtables ruleset management.
[[0;32m  OK  [0m] Listening on Load/Save RF Kill Switch Status /dev/rfkill Watch.
[[0;32m  OK  [0m] Started AppArmor initialization.
         Starting Load AppArmor profiles managed internally by snapd...
         Starting Initial cloud-init job (pre-networking)...
[[0;32m  OK  [0m] Started Load AppArmor profiles managed internally by snapd.
[   18.274321] cloud-init[567]: Cloud-init v. 21.1-19-gbad84ad4-0ubuntu1~18.04.1 running 'init-local' at Fri, 30 Apr 2021 16:56:58 +0000. Up 17.95 seconds.
[[0;32m  OK  [0m] Started Initial cloud-init job (pre-networking).
[[0;32m  OK  [0m] Reached target Network (Pre).
         Starting Network Service...
[[0;32m  OK  [0m] Started Network Service.
         Starting Wait for Network to be Configured...
         Starting Network Name Resolution...
[[0;32m  OK  [0m] Started Network Name Resolution.
[[0;32m  OK  [0m] Reached target Network.
[[0;32m  OK  [0m] Reached target Host and Network Name Lookups.
[[0;32m  OK  [0m] Started Wait for Network to be Configured.
         Starting Initial cloud-init job (metadata service crawler)...
[   20.544958] cloud-init[657]: Cloud-init v. 21.1-19-gbad84ad4-0ubuntu1~18.04.1 running 'init' at Fri, 30 Apr 2021 16:57:00 +0000. Up 20.45 seconds.
[   20.547661] cloud-init[657]: ci-info: ++++++++++++++++++++++++++++++++++++++Net device info+++++++++++++++++++++++++++++++++++++++
[   20.550378] cloud-init[657]: ci-info: +--------+-------+----------------------------+---------------+--------+-------------------+
[   20.552920] cloud-init[657]: ci-info: | Device |   Up  |          Address           |      Mask     | Scope  |     Hw-Address    |
[   20.555522] cloud-init[657]: ci-info: +--------+-------+----------------------------+---------------+--------+-------------------+
[   20.558729] cloud-init[657]: ci-info: | enp0s3 |  True |         10.0.2.15          | 255.255.255.0 | global | 02:f3:7b:02:da:50 |
[   20.561456] cloud-init[657]: ci-info: | enp0s3 |  True | fe80::f3:7bff:fe02:da50/64 |       .       |  link  | 02:f3:7b:02:da:50 |
[   20.563907] cloud-init[657]: ci-info: | enp0s8 | False |             .              |       .       |   .    | 08:00:27:ff:05:1c |
[   20.566580] cloud-init[657]: ci-info: |   lo   |  True |         127.0.0.1          |   255.0.0.0   |  host  |         .         |
[   20.569084] cloud-init[657]: ci-info: |   lo   |  True |          ::1/128           |       .       |  host  |         .         |
[   20.571951] cloud-init[657]: ci-info: +--------+-------+----------------------------+---------------+--------+-------------------+
[   20.575165] cloud-init[657]: ci-info: ++++++++++++++++++++++++++++Route IPv4 info+++++++++++++++++++++++++++++
[   20.577794] cloud-init[657]: ci-info: +-------+-------------+----------+-----------------+-----------+-------+
[   20.579967] cloud-init[657]: ci-info: | Route | Destination | Gateway  |     Genmask     | Interface | Flags |
[   20.582186] cloud-init[657]: ci-info: +-------+-------------+----------+-----------------+-----------+-------+
[   20.584660] cloud-init[657]: ci-info: |   0   |   0.0.0.0   | 10.0.2.2 |     0.0.0.0     |   enp0s3  |   UG  |
[   20.586926] cloud-init[657]: ci-info: |   1   |   10.0.2.0  | 0.0.0.0  |  255.255.255.0  |   enp0s3  |   U   |
[   20.589114] cloud-init[657]: ci-info: |   2   |   10.0.2.2  | 0.0.0.0  | 255.255.255.255 |   enp0s3  |   UH  |
[   20.591157] cloud-init[657]: ci-info: +-------+-------------+----------+-----------------+-----------+-------+
[   20.593217] cloud-init[657]: ci-info: +++++++++++++++++++Route IPv6 info+++++++++++++++++++
[   20.595024] cloud-init[657]: ci-info: +-------+-------------+---------+-----------+-------+
[   20.596702] cloud-init[657]: ci-info: | Route | Destination | Gateway | Interface | Flags |
[   20.598407] cloud-init[657]: ci-info: +-------+-------------+---------+-----------+-------+
[   20.600151] cloud-init[657]: ci-info: |   1   |  fe80::/64  |    ::   |   enp0s3  |   U   |
[   20.601881] cloud-init[657]: ci-info: |   3   |    local    |    ::   |   enp0s3  |   U   |
[   20.603821] cloud-init[657]: ci-info: |   4   |   ff00::/8  |    ::   |   enp0s3  |   U   |
[   20.605514] cloud-init[657]: ci-info: +-------+-------------+---------+-----------+-------+
[   21.227815] cloud-init[657]: Generating public/private rsa key pair.
[   21.229875] cloud-init[657]: Your identification has been saved in /etc/ssh/ssh_host_rsa_key.
[   21.232281] cloud-init[657]: Your public key has been saved in /etc/ssh/ssh_host_rsa_key.pub.
[   21.234353] cloud-init[657]: The key fingerprint is:
[   21.235550] cloud-init[657]: SHA256:LBQa1wuotxVsmvjYJitUMX2Xt8Do63UCT83+QjOYj9Y root@ubuntu-bionic
[   21.237683] cloud-init[657]: The key's randomart image is:
[   21.238908] cloud-init[657]: +---[RSA 2048]----+
[   21.240142] cloud-init[657]: |    ooo.o .      |
[   21.241203] cloud-init[657]: |   o.==+.= .     |
[   21.242258] cloud-init[657]: |   o+++o..= .    |
[   21.243342] cloud-init[657]: |  o.+..+.. +     |
[   21.244434] cloud-init[657]: |  .= o. S +      |
[   21.245630] cloud-init[657]: | .o =  o * *     |
[   21.246730] cloud-init[657]: |.  +  . . B +    |
[   21.247906] cloud-init[657]: |. .    . o E .   |
[   21.249040] cloud-init[657]: | .      .   .    |
[   21.250247] cloud-init[657]: +----[SHA256]-----+
[   21.251392] cloud-init[657]: Generating public/private dsa key pair.
[   21.252932] cloud-init[657]: Your identification has been saved in /etc/ssh/ssh_host_dsa_key.
[   21.254902] cloud-init[657]: Your public key has been saved in /etc/ssh/ssh_host_dsa_key.pub.
[   21.256837] cloud-init[657]: The key fingerprint is:
[   21.258098] cloud-init[657]: SHA256:c/zQv9p891kwQCc/CTTFHN8KY4xCsDXccWM8/K+vy04 root@ubuntu-bionic
[   21.260223] cloud-init[657]: The key's randomart image is:
[   21.261479] cloud-init[657]: +---[DSA 1024]----+
[   21.262631] cloud-init[657]: |      .o+..=X++. |
[   21.263775] cloud-init[657]: |       +...*+Boo.|
[   21.264892] cloud-init[657]: |      . . . *o+ o|
[   21.266020] cloud-init[657]: |         o o +.o |
[   21.267130] cloud-init[657]: |        S + . +. |
[   21.268256] cloud-init[657]: |         o o . o.|
[   21.269392] cloud-init[657]: |            . E..|
[   21.270563] cloud-init[657]: |             =..=|
[   21.271744] cloud-init[657]: |            .oO*=|
[   21.284837] cloud-init[657]: +----[SHA256]-----+
[   21.286311] cloud-init[657]: Generating public/private ecdsa key pair.
[   21.287977] cloud-init[657]: Your identification has been saved in /etc/ssh/ssh_host_ecdsa_key.
[   21.290134] cloud-init[657]: Your public key has been saved in /etc/ssh/ssh_host_ecdsa_key.pub.
[   21.292249] cloud-init[657]: The key fingerprint is:
[   21.293703] cloud-init[657]: SHA256:eClE7NiaDihIFiiKVdklQuBHqMQ+TzAWW4yyMn5jIQI root@ubuntu-bionic
[   21.295999] cloud-init[657]: The key's randomart image is:
[   21.297464] cloud-init[657]: +---[ECDSA 256]---+
[   21.298610] cloud-init[657]: |o.=*=+o..        |
[   21.299732] cloud-init[657]: |EX=o.oo.         |
[   21.300860] cloud-init[657]: |X== .+.          |
[   21.302088] cloud-init[657]: |O* +..o. .       |
[   21.303229] cloud-init[657]: |Bo= .oo S        |
[   21.304452] cloud-init[657]: |+..=o  o         |
[   21.305617] cloud-init[657]: |. oo.            |
[   21.306678] cloud-init[657]: |    .            |
[   21.307732] cloud-init[657]: |                 |
[   21.308794] cloud-init[657]: +----[SHA256]-----+
[   21.309897] cloud-init[657]: Generating public/private ed25519 key pair.
[   21.311423] cloud-init[657]: Your identification has been saved in /etc/ssh/ssh_host_ed25519_key.
[   21.313407] cloud-init[657]: Your public key has been saved in /etc/ssh/ssh_host_ed25519_key.pub.
[   21.315463] cloud-init[657]: The key fingerprint is:
[   21.316716] cloud-init[657]: SHA256:Q19V15BR3JeuutNRhCziVYJb6mGCQzEldilTE5YktJ0 root@ubuntu-bionic
[   21.318843] cloud-init[657]: The key's randomart image is:
[   21.320200] cloud-init[657]: +--[ED25519 256]--+
[   21.333056] cloud-init[657]: |    .B=O+ ..o.=BB|
[   21.333122] cloud-init[657]: |    .+Oooo +.+.o*|
[   21.333150] cloud-init[657]: |    ..+Eo * o o .|
[   21.333413] cloud-init[657]: |     o o B .   o |
[   21.333659] cloud-init[657]: |      . S o   o  |
[   21.333880] cloud-init[657]: |         o   o   |
[   21.334111] cloud-init[657]: |            o .  |
[   21.334344] cloud-init[657]: |           o .   |
[   21.334616] cloud-init[657]: |           .o    |
[   21.334817] cloud-init[657]: +----[SHA256]-----+
[[0;32m  OK  [0m] Started Initial cloud-init job (metadata service crawler).
[[0;32m  OK  [0m] Reached target Cloud-config availability.
[[0;32m  OK  [0m] Reached target System Initialization.
[[0;32m  OK  [0m] Listening on UUID daemon activation socket.
[[0;32m  OK  [0m] Started Message of the Day.
[[0;32m  OK  [0m] Listening on D-Bus System Message Bus Socket.
[[0;32m  OK  [0m] Listening on ACPID Listen Socket.
[[0;32m  OK  [0m] Started Daily apt download activities.
[[0;32m  OK  [0m] Started Daily apt upgrade and clean activities.
[[0;32m  OK  [0m] Started Discard unused blocks once a week.
         Starting Socket activation for snappy daemon.
[[0;32m  OK  [0m] Started Daily Cleanup of Temporary Directories.
[[0;32m  OK  [0m] Reached target Timers.
         Starting LXD - unix socket.
[[0;32m  OK  [0m] Started ACPI Events Check.
[[0;32m  OK  [0m] Reached target Paths.
[[0;32m  OK  [0m] Listening on Open-iSCSI iscsid Socket.
[[0;32m  OK  [0m] Reached target Network is Online.
         Starting Availability of block devices...
[[0;32m  OK  [0m] Reached target Remote File Systems (Pre).
[[0;32m  OK  [0m] Reached target Remote File Systems.
[[0;32m  OK  [0m] Listening on Socket activation for snappy daemon.
[[0;32m  OK  [0m] Listening on LXD - unix socket.
[[0;32m  OK  [0m] Reached target Sockets.
[[0;32m  OK  [0m] Reached target Basic System.
         Starting LSB: automatic crash report generation...
         Starting Accounts Service...
[[0;32m  OK  [0m] Started Regular background program processing daemon.
[[0;32m  OK  [0m] Started irqbalance daemon.
[[0;32m  OK  [0m] Started D-Bus System Message Bus.
[[0;32m  OK  [0m] Started FUSE filesystem for LXC.
[[0;32m  OK  [0m] Started Deferred execution scheduler.
         Starting Login Service...
         Starting System Logging Service...
         Starting LSB: Record successful boot for GRUB...
         Starting Snap Daemon...
         Starting Pollinate to seed the pseudo random number generator...
         Starting LXD - container startup/shutdown...
         Starting Virtualbox guest utils...
         Starting Dispatcher daemon for systemd-networkd...
         Starting Permit User Sessions...
[[0;32m  OK  [0m] Started System Logging Service.
[[0;32m  OK  [0m] Started Availability of block devices.
[[0;32m  OK  [0m] Started Permit User Sessions.
[[0;32m  OK  [0m] Started Login Service.
[[0;32m  OK  [0m] Started Unattended Upgrades Shutdown.
         Starting Hold until boot process finishes up...
         Starting Terminate Plymouth Boot Screen...
         Starting Authorization Manager...
[[0;32m  OK  [0m] Started Hold until boot process finishes up.
         Starting Set console scheme...
[[0;32m  OK  [0m] Started Serial Getty on ttyS0.
[[0;32m  OK  [0m] Started Terminate Plymouth Boot Screen.
[[0;32m  OK  [0m] Started LSB: automatic crash report generation.
[[0;32m  OK  [0m] Started Set console scheme.
[[0;32m  OK  [0m] Created slice system-getty.slice.
[[0;32m  OK  [0m] Started Getty on tty1.
[[0;32m  OK  [0m] Reached target Login Prompts.
[[0;32m  OK  [0m] Started LSB: Record successful boot for GRUB.
[[0;32m  OK  [0m] Started Authorization Manager.
[[0;32m  OK  [0m] Started Accounts Service.
[[0;32m  OK  [0m] Started Virtualbox guest utils.
[[0;32m  OK  [0m] Started LXD - container startup/shutdown.
[[0;32m  OK  [0m] Started Dispatcher daemon for systemd-networkd.
[[0;32m  OK  [0m] Started Snap Daemon.
         Starting Wait until snapd is fully seeded...
[[0;32m  OK  [0m] Started Pollinate to seed the pseudo random number generator.
         Starting OpenBSD Secure Shell server...
[[0;32m  OK  [0m] Started OpenBSD Secure Shell server.
[[0;32m  OK  [0m] Started Wait until snapd is fully seeded.
[[0;32m  OK  [0m] Reached target Multi-User System.
[[0;32m  OK  [0m] Reached target Graphical Interface.
         Starting Update UTMP about System Runlevel Changes...
         Starting Apply the settings specified in cloud-config...
[[0;32m  OK  [0m] Started Update UTMP about System Runlevel Changes.
[   25.445696] cloud-init[1183]: Cloud-init v. 21.1-19-gbad84ad4-0ubuntu1~18.04.1 running 'modules:config' at Fri, 30 Apr 2021 16:57:05 +0000. Up 25.05 seconds.
[[0;32m  OK  [0m] Started Apply the settings specified in cloud-config.
         Starting Execute cloud user/final scripts...
ci-info: no authorized SSH keys fingerprints found for user ubuntu.
<14>Apr 30 16:57:05 ec2: 
<14>Apr 30 16:57:05 ec2: #############################################################
<14>Apr 30 16:57:05 ec2: -----BEGIN SSH HOST KEY FINGERPRINTS-----
<14>Apr 30 16:57:05 ec2: 1024 SHA256:c/zQv9p891kwQCc/CTTFHN8KY4xCsDXccWM8/K+vy04 root@ubuntu-bionic (DSA)
<14>Apr 30 16:57:05 ec2: 256 SHA256:eClE7NiaDihIFiiKVdklQuBHqMQ+TzAWW4yyMn5jIQI root@ubuntu-bionic (ECDSA)
<14>Apr 30 16:57:05 ec2: 256 SHA256:Q19V15BR3JeuutNRhCziVYJb6mGCQzEldilTE5YktJ0 root@ubuntu-bionic (ED25519)
<14>Apr 30 16:57:05 ec2: 2048 SHA256:LBQa1wuotxVsmvjYJitUMX2Xt8Do63UCT83+QjOYj9Y root@ubuntu-bionic (RSA)
<14>Apr 30 16:57:05 ec2: -----END SSH HOST KEY FINGERPRINTS-----
<14>Apr 30 16:57:05 ec2: #############################################################
-----BEGIN SSH HOST KEY KEYS-----
ecdsa-sha2-nistp256 AAAAE2VjZHNhLXNoYTItbmlzdHAyNTYAAAAIbmlzdHAyNTYAAABBBOiTrcm8OHgOAOWoai5srhgXJhWPgU2IDzBjSXCO9Bk6V+nX8xp8ykyxtszIVgXf+XYHDCcEk/+lXBsYaNACveU= root@ubuntu-bionic
ssh-ed25519 AAAAC3NzaC1lZDI1NTE5AAAAIMmyBSWg9H7mMjdtvdGdf1OQHN/eb1Hl4/PHe/w0Hetc root@ubuntu-bionic
ssh-rsa AAAAB3NzaC1yc2EAAAADAQABAAABAQDVZdzcRu2CpOTiFOQK48iF3XUUbd5/ci8+WacGIRWBvL7bs8POpqzSYq/879LcbahfHerUvc8JXBfNkoWBggOAqGD1WojVvU2//9vbQTZ/SDfaVCiTucoTBsfFIi+VvLx/TTdvloZJrbSRX0xICOGRDcHz+jvw61S4PEKNuxXotvIjBiIVXcYy8DnY1cYNv+ZIyU1A4Ini17Ou5A3CM3JKgcf5w/aNodAisfITHniRJjEuKGbt6EBgIT2yLlBw5DjXnxCFNU+CyPuV+pMNJw1XJki/KgG/nXQhJQtSiv+gYdJw73lWvvrlo4ldBe1wqYgY2T3nvIXRPZ32yRFUu++9 root@ubuntu-bionic
-----END SSH HOST KEY KEYS-----
[   25.839954] cloud-init[1235]: Cloud-init v. 21.1-19-gbad84ad4-0ubuntu1~18.04.1 running 'modules:final' at Fri, 30 Apr 2021 16:57:05 +0000. Up 25.71 seconds.
[   25.845132] cloud-init[1235]: ci-info: no authorized SSH keys fingerprints found for user ubuntu.
[   25.849063] cloud-init[1235]: Cloud-init v. 21.1-19-gbad84ad4-0ubuntu1~18.04.1 finished at Fri, 30 Apr 2021 16:57:05 +0000. Datasource DataSourceNoCloud [seed=/dev/sdb][dsmode=net].  Up 25.83 seconds
[[0;32m  OK  [0m] Started Execute cloud user/final scripts.
[[0;32m  OK  [0m] Reached target Cloud-init target.

Ubuntu 18.04.5 LTS ubuntu-bionic ttyS0

ubuntu-bionic login:          Stopping User Manager for UID 1000...
[[0;32m  OK  [0m] Stopped target Timers.
[[0;32m  OK  [0m] Stopped Daily apt upgrade and clean activities.
         Stopping Availability of block devices...
[[0;32m  OK  [0m] Stopped Daily apt download activities.
[[0;32m  OK  [0m] Stopped Discard unused blocks once a week.
[[0;32m  OK  [0         Stopping libcontainer container cfa…7241091df80130d0ba48d311d0dfca567.
         Stopping Availability of block devices...
[[0;32m  OK  [0m] Stopped target Host and Network Name Lookups.
         Stopping libcontainer container ea8…c9bcc7ffea9928a392a236ec53abaef98.
[[0;32m  OK  [0m] Removed slice libcontainer container kubepods-besteffort.slice.
         Stopping libcontainer container c05…f39d27672d1a84252f07c37c42b81605a.
         Stopping User Manager for UID 1000...
         Stopping libcontainer container 2b0…48d00e29cf9c5295d238db74b127c0d10.
         Stopping libcontainer container 557…0e3190fb2b2af171bd5ac24478a0c2813.
[[0;32m  OK  [0m] Stopped target Cloud-init target.
         Stopping libcontainer container b83…fe66af50aae789df5dfeca159ce1713cd.
         Stopping Authorization Manager...
         Stopping libcontainer container 112…fe248d9c2d58e37062f2fe8a3dc557025.
[[0;32m  OK  [0m] Stopped target Timers.
[[0;32m  OK  [0m] Stopped Daily apt upgrade and clean activities.
[[0;32m  OK  [0m] Stopped Daily apt download activities.
[[0;32m  OK  [0m] Stopped Daily Cleanup of Temporary Directories.
[[0;32m  OK  [0m] Stopped Discard unused blocks once a week.
         Stopping libcontainer container e2b…56a1731c2a7ef9d99cd28032af4cb4e51.
[[0;32m  OK  [0m] Stopped Execute cloud user/final scripts.
         Stopping Session 9 of user vagrant.
[[0;32m  OK  [0m] Closed Load/Save RF Kill Switch Status /dev/rfkill Watch.
[[0;32m  OK  [0m] Stopped Apply the settings specified in cloud-config.
[[0;32m  OK  [0m] Stopped Message of the Day.
[[0;32m  OK  [0m] Stopped target System Time Synchronized.
         Stopping libcontainer container 70a…03eb773de0cc9cc8baa50d173794874b5.
         Stopping libcontainer container c96…36d0ac8110475497709e9ed634f3c42fc.
[[0;32m  OK  [0m] Stopped target Graphical Interface.
         Stopping Accounts Service...
[[0;32m  OK  [0m] Stopped target Cloud-config availability.
[[0;32m  OK  [0m] Stopped target Multi-User System.
[[0;32m  OK  [0m] Stopped Wait until snapd is fully seeded.
         Stopping kubelet: The Kubernetes Node Agent...
         Stopping irqbalance daemon...
         Stopping Regular background program processing daemon...
         Stopping FUSE filesystem for LXC...
         Stopping D-Bus System Message Bus...
[[0;32m  OK  [0m] Stopped target Login Prompts.
         Stopping Serial Getty on ttyS0...
         Stopping Getty on tty1...
         Stopping LSB: automatic crash report generation...
         Stopping Virtualbox guest utils...
         Stopping LXD - container startup/shutdown...
         Stopping Dispatcher daemon for systemd-networkd...
         Stopping Deferred execution scheduler...
         Stopping Docker Application Container Engine...
         Stopping LSB: Record successful boot for GRUB...
         Stopping System Logging Service...
         Stopping OpenBSD Secure Shell server...
[[0;32m  OK  [0m] Stopped Deferred execution scheduler.
[[0;32m  OK  [0m] Stopped Dispatcher daemon for systemd-networkd.
[[0;32m  OK  [0m] Stopped Regular background program processing daemon.
[[0;32m  OK  [0m] Stopped Getty on tty1.
[[0;32m  OK  [0m] Stopped Authorization Manager.
[[0;32m  OK  [0m] Stopped User Manager for UID 1000.
[[0;32m  OK  [0m] Stopped Availability of block devices.
[[0;32m  OK  [0m] Stopped D-Bus System Message Bus.
[[0;32m  OK  [0m] Stopped libcontainer container c968…36d0ac8110475497709e9ed634f3c42fc.
[[0;32m  OK  [0m] Stopped libcontainer container 70a0…03eb773de0cc9cc8baa50d173794874b5.
[[0;32m  OK  [0m] Stopped Session 9 of user vagrant.
[[0;32m  OK  [0m] Stopped OpenBSD Secure Shell server.
[[0;32m  OK  [0m] Stopped libcontainer container e2b1…56a1731c2a7ef9d99cd28032af4cb4e51.
[[0;32m  OK  [0m] Stopped Accounts Service.
[[0;32m  OK  [0m] Stopped libcontainer container 112d…fe248d9c2d58e37062f2fe8a3dc557025.
[[0;32m  OK  [0m] Stopped libcontainer container b83f…fe66af50aae789df5dfeca159ce1713cd.
[[0;32m  OK  [0m] Stopped libcontainer container 557b…0e3190fb2b2af171bd5ac24478a0c2813.
[[0;32m  OK  [0m] Stopped libcontainer container 2b02…48d00e29cf9c5295d238db74b127c0d10.
[[0;32m  OK  [0m] Stopped libcontainer container ea8f…c9bcc7ffea9928a392a236ec53abaef98.
[[0;32m  OK  [0m] Stopped libcontainer container cfa7…7241091df80130d0ba48d311d0dfca567.
[[0;32m  OK  [0m] Stopped System Logging Service.
[[0;32m  OK  [0m] Stopped irqbalance daemon.
[[0;32m  OK  [0m] Stopped Serial Getty on ttyS0.
[[0;32m  OK  [0m] Unmounted /var/lib/lxcfs.
[[0;32m  OK  [0m] Stopped LXD - container startup/shutdown.
[[0;32m  OK  [0m] Removed slice system-serial\x2dgetty.slice.
[[0;32m  OK  [0m] Removed slice libcontainer containe…2a2a4bfe54266560f57613fde83.slice.
[[0;32m  OK  [0m] Removed slice libcontainer containe…fd0516f4b615d98e5131f74dc5b.slice.
[[0;32m  OK  [0m] Removed slice libcontainer containe…7954_451c_a752_a260e24c863c.slice.
[[0;32m  OK  [0m] Removed slice libcontainer containe…24ef5713d277de658cefeaece2e.slice.
[[0;32m  OK  [0m] Removed slice User Slice of vagrant.
         Stopping Login Service...
[[0;32m  OK  [0m] Removed slice system-getty.slice.
         Stopping Permit User Sessions...
[[0;32m  OK  [0m] Stopped LSB: automatic crash report generation.
[[0;32m  OK  [0m] Stopped Virtualbox guest utils.
[[0;32m  OK  [0m] Stopped LSB: Record successful boot for GRUB.
[[0;32m  OK  [0m] Stopped Permit User Sessions.
[[0;32m  OK  [0m] Stopped kubelet: The Kubernetes Node Agent.
[[0;32m  OK  [0m] Stopped FUSE filesystem for LXC.
[[0;32m  OK  [0m] Stopped target Remote File Systems.
         Unmounting /vagrant...
[[0;32m  OK  [0m] Stopped Login Service.
[[0;32m  OK  [0m] Unmounted /vagrant.
[[0;32m  OK  [0m] Stopped target Remote File Systems (Pre).
[[0;32m  OK  [0m] Stopped target User and Group Name Lookups.
[[0;32m  OK  [0m] Stopped libcontainer container c056…f39d27672d1a84252f07c37c42b81605a.
[[0;32m  OK  [0m] Removed slice libcontainer containe…43f9778b5b383643e688dea2e2f.slice.
[[0;32m  OK  [0m] Removed slice libcontainer container kubepods-burstable.slice.
[[0;32m  OK  [0m] Removed slice libcontainer container kubepods.slice.
[[0;32m  OK  [0m] Unmounted /var/lib/docker/container…c5295d238db74b127c0d10/mounts/shm.
[[0;32m  OK  [0m] Unmounted /var/lib/docker/overlay2/…686b147dbe0cb45e59a6774745/merged.
[[0;32m  OK  [0m] Unmounted /var/lib/docker/overlay2/…28da8dcff3b300be01a0e85cb6/merged.
[[0;32m  OK  [0m] Unmounted /var/lib/docker/container…130d0ba48d311d0dfca567/mounts/shm.
[[0;32m  OK  [0m] Unmounted /var/lib/docker/overlay2/…313580a1f2cc1f740f77c84936/merged.
[[0;32m  OK  [0m] Unmounted /var/lib/docker/overlay2/…6bd34416d76b441f9f5e2d45ea/merged.
[[0;32m  OK  [0m] Unmounted /var/lib/docker/container…8e37062f2fe8a3dc557025/mounts/shm.
[[0;32m  OK  [0m] Unmounted /var/lib/docker/overlay2/…47dd577d5fda0de2d7cfb422c8/merged.
[[0;32m  OK  [0m] Unmounted /var/lib/docker/overlay2/…973b6ff534b06b655f54429dcc/merged.
[[0;32m  OK  [0m] Unmounted /var/lib/docker/overlay2/…6dac583781501233a8af2de3b4/merged.
[[0;32m  OK  [0m] Unmounted /var/lib/docker/overlay2/…b3d0309a91b494e737c2106d24/merged.
[[0;32m  OK  [0m] Unmounted /var/lib/docker/container…c9cc8baa50d173794874b5/mounts/shm.
[[0;32m  OK  [0m] Unmounted /var/lib/docker/overlay2/…a5b135e5a86dae1ca8fd7c167e/merged.
[[0;32m  OK  [0m] Unmounted /var/lib/docker/container…ef9d99cd28032af4cb4e51/mounts/shm.
[[0;32m  OK  [0m] Unmounted /var/lib/docker/overlay2/…4e93bd670a2d68eb602125a300/merged.
[[0;32m  OK  [0m] Stopped Docker Application Container Engine.
[[0;32m  OK  [0m] Stopped target Network is Online.
         Stopping containerd container runtime...
[[0;32m  OK  [0m] Stopped containerd container runtime.
[[0;32m  OK  [0m] Stopped target Basic System.
[[0;32m  OK  [0m] Stopped target Sockets.
[[0;32m  OK  [0m] Closed UUID daemon activation socket.
[[0;32m  OK  [0m] Closed Docker Socket for the API.
[[0;32m  OK  [0m] Closed Socket activation for snappy daemon.
[[0;32m  OK  [0m] Closed D-Bus System Message Bus Socket.
[[0;32m  OK  [0m] Closed ACPID Listen Socket.
[[0;32m  OK  [0m] Closed Syslog Socket.
[[0;32m  OK  [0m] Closed Open-iSCSI iscsid Socket.
[[0;32m  OK  [0m] Closed LXD - unix socket.
[[0;32m  OK  [0m] Stopped target Slices.
[[0;32m  OK  [0m] Removed slice User and Session Slice.
[[0;32m  OK  [0m] Stopped target Paths.
[[0;32m  OK  [0m] Stopped ACPI Events Check.
[[0;32m  OK  [0m] Stopped target System Initialization.
[[0;32m  OK  [0m] Stopped target Local Encrypted Volumes.
[[0;32m  OK  [0m] Stopped Forward Password Requests to Wall Directory Watch.
[[0;32m  OK  [0m] Stopped Dispatch Password Requests to Console Directory Watch.
[[0;32m  OK  [0m] Stopped Initial cloud-init job (metadata service crawler).
[[0;32m  OK  [0m] Stopped Commit a transient machine-id on disk.
         Stopping Update UTMP about System Boot/Shutdown...
         Stopping Load/Save Random Seed...
[[0;32m  OK  [0m] Stopped target Network.
         Stopping Network Name Resolution...
[[0;32m  OK  [0m] Stopped Load/Save Random Seed.
[[0;32m  OK  [0m] Stopped Update UTMP about System Boot/Shutdown.
[[0;32m  OK  [0m] Stopped Network Name Resolution.
         Stopping Network Service...
[[0;32m  OK  [0m] Stopped Create Volatile Files and Directories.
[[0;32m  OK  [0m] Stopped target Local File Systems.
         Unmounting /run/docker/netns/default...
         Unmounting /run/user/1000...
         Unmounting /var/lib/kubelet/pods/51…projected/kube-api-access-lvqpr...
[[0;32m  OK  [0m] Unmounted /run/docker/netns/default.
[[0;32m  OK  [0m] Unmounted /run/user/1000.
[[0;32m  OK  [0m] Unmounted /var/lib/kubelet/pods/51d…o~projected/kube-api-access-lvqpr.
[[0;32m  OK  [0m] Reached target Unmount All Filesystems.
[[0;32m  OK  [0m] Stopped target Swap.
[[0;32m  OK  [0m] Stopped target Local File Systems (Pre).
         Stopping Monitoring of LVM2 mirrors…ng dmeventd or progress polling...
[[0;32m  OK  [0m] Stopped Create Static Device Nodes in /dev.
[[0;32m  OK  [0m] Stopped Network Service.
[[0;32m  OK  [0m] Stopped target Network (Pre).
[[0;32m  OK  [0m] Stopped Initial cloud-init job (pre-networking).
[[0;32m  OK  [0m] Stopped Remount Root and Kernel File Systems.
[[0;32m  OK  [0m] Stopped Apply Kernel Variables.
[[0;32m  OK  [0m] Stopped Load Kernel Modules.
[[0;32m  OK  [0m] Reached target Shutdown.
[[0;32m  OK  [0m] Reached target Final Step.
         Starting Power-Off...
[ 3952.401574] reboot: Power down
